<?xml version="1.0" encoding="UTF-8"?>
<!-- Generated by org.testng.reporters.JUnitXMLReporter -->
<testsuite hostname="Victors-MacBook-Pro.local" ignored="0" tests="4" failures="1" timestamp="02 Jun 2022 05:11:25 GMT" time="11.806" errors="0">
  <testcase name="editAnItem" time="0.612" classname="DemoTest"/>
  <testcase name="deleteAnItem" time="1.905" classname="DemoTest">
    <failure type="org.openqa.selenium.ElementClickInterceptedException" message="element click intercepted: Element &amp;lt;button type=&amp;quot;button&amp;quot; class=&amp;quot;btn btn-default&amp;quot; ng-click=&amp;quot;strangerlist.open(item)&amp;quot;&amp;gt;...&amp;lt;/button&amp;gt; is not clickable at point (526, 17). Other element would receive the click: &amp;lt;div class=&amp;quot;navbar-header&amp;quot;&amp;gt;...&amp;lt;/div&amp;gt;
  (Session info: chrome=102.0.5005.61)
Build info: version: &amp;apos;4.1.4&amp;apos;, revision: &amp;apos;535d840ee2&amp;apos;
System info: host: &amp;apos;Victors-MacBook-Pro.local&amp;apos;, ip: &amp;apos;2806:267:1403:83e1:c11:80d9:e3d6:3c98%en0&amp;apos;, os.name: &amp;apos;Mac OS X&amp;apos;, os.arch: &amp;apos;x86_64&amp;apos;, os.version: &amp;apos;10.16&amp;apos;, java.version: &amp;apos;1.8.0_202&amp;apos;
Driver info: org.openqa.selenium.chrome.ChromeDriver
Command: [ab59dcff05f1e23a9cdf5591ac7a47a0, clickElement {id=41a76c0c-92c0-4b0e-9a2b-f793256a1ec2}]
Capabilities {acceptInsecureCerts: false, browserName: chrome, browserVersion: 102.0.5005.61, chrome: {chromedriverVersion: 101.0.4951.41 (93c720db8323..., userDataDir: /var/folders/mb/rx13lky17cv...}, goog:chromeOptions: {debuggerAddress: localhost:58374}, javascriptEnabled: true, networkConnectionEnabled: false, pageLoadStrategy: normal, platform: MAC, platformName: MAC, proxy: Proxy(), se:cdp: ws://localhost:58374/devtoo..., se:cdpVersion: 102.0.5005.61, setWindowRect: true, strictFileInteractability: false, timeouts: {implicit: 0, pageLoad: 300000, script: 30000}, unhandledPromptBehavior: dismiss and notify, webauthn:extension:credBlob: true, webauthn:extension:largeBlob: true, webauthn:virtualAuthenticators: true}
Element: [[ChromeDriver: chrome on MAC (ab59dcff05f1e23a9cdf5591ac7a47a0)] -&amp;gt; xpath: //li[2]/div/div/div[1]/button[contains(text(),&amp;apos;Delete&amp;apos;)]]
Session ID: ab59dcff05f1e23a9cdf5591ac7a47a0">
      <![CDATA[org.openqa.selenium.ElementClickInterceptedException: element click intercepted: Element <button type="button" class="btn btn-default" ng-click="strangerlist.open(item)">...</button> is not clickable at point (526, 17). Other element would receive the click: <div class="navbar-header">...</div>
  (Session info: chrome=102.0.5005.61)
Build info: version: '4.1.4', revision: '535d840ee2'
System info: host: 'Victors-MacBook-Pro.local', ip: '2806:267:1403:83e1:c11:80d9:e3d6:3c98%en0', os.name: 'Mac OS X', os.arch: 'x86_64', os.version: '10.16', java.version: '1.8.0_202'
Driver info: org.openqa.selenium.chrome.ChromeDriver
Command: [ab59dcff05f1e23a9cdf5591ac7a47a0, clickElement {id=41a76c0c-92c0-4b0e-9a2b-f793256a1ec2}]
Capabilities {acceptInsecureCerts: false, browserName: chrome, browserVersion: 102.0.5005.61, chrome: {chromedriverVersion: 101.0.4951.41 (93c720db8323..., userDataDir: /var/folders/mb/rx13lky17cv...}, goog:chromeOptions: {debuggerAddress: localhost:58374}, javascriptEnabled: true, networkConnectionEnabled: false, pageLoadStrategy: normal, platform: MAC, platformName: MAC, proxy: Proxy(), se:cdp: ws://localhost:58374/devtoo..., se:cdpVersion: 102.0.5005.61, setWindowRect: true, strictFileInteractability: false, timeouts: {implicit: 0, pageLoad: 300000, script: 30000}, unhandledPromptBehavior: dismiss and notify, webauthn:extension:credBlob: true, webauthn:extension:largeBlob: true, webauthn:virtualAuthenticators: true}
Element: [[ChromeDriver: chrome on MAC (ab59dcff05f1e23a9cdf5591ac7a47a0)] -> xpath: //li[2]/div/div/div[1]/button[contains(text(),'Delete')]]
Session ID: ab59dcff05f1e23a9cdf5591ac7a47a0
at org.openqa.selenium.remote.codec.w3c.W3CHttpResponseCodec.createException(W3CHttpResponseCodec.java:200)
at org.openqa.selenium.remote.codec.w3c.W3CHttpResponseCodec.decode(W3CHttpResponseCodec.java:133)
at org.openqa.selenium.remote.codec.w3c.W3CHttpResponseCodec.decode(W3CHttpResponseCodec.java:53)
at org.openqa.selenium.remote.HttpCommandExecutor.execute(HttpCommandExecutor.java:184)
at org.openqa.selenium.remote.service.DriverCommandExecutor.invokeExecute(DriverCommandExecutor.java:167)
at org.openqa.selenium.remote.service.DriverCommandExecutor.execute(DriverCommandExecutor.java:142)
at org.openqa.selenium.remote.RemoteWebDriver.execute(RemoteWebDriver.java:567)
at org.openqa.selenium.remote.RemoteWebElement.execute(RemoteWebElement.java:251)
at org.openqa.selenium.remote.RemoteWebElement.click(RemoteWebElement.java:77)
at pageObjects.HomePage.clickDeleteButton(HomePage.java:81)
at DemoTest.deleteAnItem(DemoTest.java:36)
... Removed 33 stack frames]]>
    </failure>
  </testcase> <!-- deleteAnItem -->
  <testcase name="verifyDescriptionFieldMaxLength" time="0.785" classname="DemoTest"/>
  <testcase name="checkElementInListAvailable" time="0.297" classname="DemoTest"/>
</testsuite>
