<?xml version="1.0" encoding="UTF-8"?>
<testsuite xmlns:xsi="http://www.w3.org/2001/XMLSchema-instance" xsi:noNamespaceSchemaLocation="https://maven.apache.org/surefire/maven-surefire-plugin/xsd/surefire-test-report.xsd" name="TestSuite" time="33.593" tests="4" errors="0" skipped="0" failures="4">
  <properties>
[...]
</properties>
  <testcase name="editAnItem" classname="DemoTest" time="10.332">
    <failure message="javascript error: Cannot read properties of null (reading &apos;scrollIntoView&apos;)&#10;  (Session info: chrome=101.0.4951.64)&#10;Build info: version: &apos;3.141.59&apos;, revision: &apos;e82be7d358&apos;, time: &apos;2018-11-14T08:17:03&apos;&#10;System info: host: &apos;Victors-MacBook-Pro.local&apos;, ip: &apos;2806:267:1403:83e1:793f:f743:ba50:4bfc%en0&apos;, os.name: &apos;Mac OS X&apos;, os.arch: &apos;x86_64&apos;, os.version: &apos;10.16&apos;, java.version: &apos;1.8.0_202&apos;&#10;Driver info: org.openqa.selenium.chrome.ChromeDriver&#10;Capabilities {acceptInsecureCerts: false, browserName: chrome, browserVersion: 101.0.4951.64, chrome: {chromedriverVersion: 101.0.4951.41 (93c720db8323..., userDataDir: /var/folders/mb/rx13lky17cv...}, goog:chromeOptions: {debuggerAddress: localhost:64516}, javascriptEnabled: true, networkConnectionEnabled: false, pageLoadStrategy: normal, platform: MAC, platformName: MAC, proxy: Proxy(), setWindowRect: true, strictFileInteractability: false, timeouts: {implicit: 0, pageLoad: 300000, script: 30000}, unhandledPromptBehavior: dismiss and notify, webauthn:extension:credBlob: true, webauthn:extension:largeBlob: true, webauthn:virtualAuthenticators: true}&#10;Session ID: 7f480ee4ff83b9502d782a4ec26f6cef" type="org.openqa.selenium.JavascriptException">org.openqa.selenium.JavascriptException: 
javascript error: Cannot read properties of null (reading 'scrollIntoView')
  (Session info: chrome=101.0.4951.64)
Build info: version: '3.141.59', revision: 'e82be7d358', time: '2018-11-14T08:17:03'
System info: host: 'Victors-MacBook-Pro.local', ip: '2806:267:1403:83e1:793f:f743:ba50:4bfc%en0', os.name: 'Mac OS X', os.arch: 'x86_64', os.version: '10.16', java.version: '1.8.0_202'
Driver info: org.openqa.selenium.chrome.ChromeDriver
Capabilities {acceptInsecureCerts: false, browserName: chrome, browserVersion: 101.0.4951.64, chrome: {chromedriverVersion: 101.0.4951.41 (93c720db8323..., userDataDir: /var/folders/mb/rx13lky17cv...}, goog:chromeOptions: {debuggerAddress: localhost:64516}, javascriptEnabled: true, networkConnectionEnabled: false, pageLoadStrategy: normal, platform: MAC, platformName: MAC, proxy: Proxy(), setWindowRect: true, strictFileInteractability: false, timeouts: {implicit: 0, pageLoad: 300000, script: 30000}, unhandledPromptBehavior: dismiss and notify, webauthn:extension:credBlob: true, webauthn:extension:largeBlob: true, webauthn:virtualAuthenticators: true}
Session ID: 7f480ee4ff83b9502d782a4ec26f6cef
	at DemoTest.editAnItem(DemoTest.java:21)
</failure>
    <system-out><![CDATA[[TestNGContentHandler] [WARN] It is strongly recommended to add "<!DOCTYPE suite SYSTEM "http://testng.org/testng-1.0.dtd" >" at the top of your file, otherwise TestNG may fail or not work as expected.
2022-05-24 12:21:34 INFO  Log:20 - Starting Testing ...Test Suite is starting
2022-05-24 12:21:34 INFO  Log:30 - Initialize WebDriver instance
2022-05-24 12:21:34 INFO  Log:30 - Deleting Cookies
2022-05-24 12:21:34 INFO  Log:30 - Applying the implicit wait during 10 seconds
2022-05-24 12:21:34 INFO  Log:30 - Open the web site to test
2022-05-24 12:21:35 INFO  Log:30 - Opening : http://immense-hollows-74271.herokuapp.com/
2022-05-24 12:21:35 INFO  Log:30 - Get current description of item
2022-05-24 12:21:45 FATAL Log:40 - Element is not found during test execution.... org.openqa.selenium.TimeoutException: Expected condition failed: waiting for presence of element located by: By.xpath: //li[7]/div/div/div[2]/p (tried for 5 second(s) with 500 milliseconds interval)
]]></system-out>
    <system-err><![CDATA[May 24, 2022 12:21:32 PM org.openqa.selenium.remote.DesiredCapabilities chrome
INFO: Using `new ChromeOptions()` is preferred to `DesiredCapabilities.chrome()`
Starting ChromeDriver 101.0.4951.41 (93c720db8323b3ec10d056025ab95c23a31997c9-refs/branch-heads/4951@{#904}) on port 10524
Only local connections are allowed.
Please see https://chromedriver.chromium.org/security-considerations for suggestions on keeping ChromeDriver safe.
ChromeDriver was started successfully.
May 24, 2022 12:21:34 PM org.openqa.selenium.remote.ProtocolHandshake createSession
INFO: Detected dialect: W3C
]]></system-err>
  </testcase>
  <testcase name="deleteAnItem" classname="DemoTest" time="8.222">
    <failure type="java.lang.NullPointerException">java.lang.NullPointerException
	at DemoTest.deleteAnItem(DemoTest.java:35)
</failure>
    <system-out><![CDATA[2022-05-24 12:21:46 FATAL Log:40 - Taking screenshot of the failure with status as 2
2022-05-24 12:21:46 INFO  Log:30 - Click on Delete Button
2022-05-24 12:21:46 INFO  Log:30 - Click on Confirm Delete Button
2022-05-24 12:21:54 FATAL Log:40 - Element is not found during test execution.... org.openqa.selenium.TimeoutException: Expected condition failed: waiting for visibility of all elements located by By.xpath: //ul[@ui-sortable='strangerlist.sortableOptions']/li/div/div/div[2]/p (tried for 5 second(s) with 500 milliseconds interval)
Build info: version: '3.141.59', revision: 'e82be7d358', time: '2018-11-14T08:17:03'
System info: host: 'Victors-MacBook-Pro.local', ip: '2806:267:1403:83e1:793f:f743:ba50:4bfc%en0', os.name: 'Mac OS X', os.arch: 'x86_64', os.version: '10.16', java.version: '1.8.0_202'
Driver info: org.openqa.selenium.chrome.ChromeDriver
Capabilities {acceptInsecureCerts: false, browserName: chrome, browserVersion: 101.0.4951.64, chrome: {chromedriverVersion: 101.0.4951.41 (93c720db8323..., userDataDir: /var/folders/mb/rx13lky17cv...}, goog:chromeOptions: {debuggerAddress: localhost:64516}, javascriptEnabled: true, networkConnectionEnabled: false, pageLoadStrategy: normal, platform: MAC, platformName: MAC, proxy: Proxy(), setWindowRect: true, strictFileInteractability: false, timeouts: {implicit: 0, pageLoad: 300000, script: 30000}, unhandledPromptBehavior: dismiss and notify, webauthn:extension:credBlob: true, webauthn:extension:largeBlob: true, webauthn:virtualAuthenticators: true}
Session ID: 7f480ee4ff83b9502d782a4ec26f6cef
]]></system-out>
  </testcase>
  <testcase name="verifyDescriptionFieldMaxLength" classname="DemoTest" time="4.049">
    <failure message="element not interactable&#10;  (Session info: chrome=101.0.4951.64)&#10;Build info: version: &apos;3.141.59&apos;, revision: &apos;e82be7d358&apos;, time: &apos;2018-11-14T08:17:03&apos;&#10;System info: host: &apos;Victors-MacBook-Pro.local&apos;, ip: &apos;2806:267:1403:83e1:793f:f743:ba50:4bfc%en0&apos;, os.name: &apos;Mac OS X&apos;, os.arch: &apos;x86_64&apos;, os.version: &apos;10.16&apos;, java.version: &apos;1.8.0_202&apos;&#10;Driver info: org.openqa.selenium.chrome.ChromeDriver&#10;Capabilities {acceptInsecureCerts: false, browserName: chrome, browserVersion: 101.0.4951.64, chrome: {chromedriverVersion: 101.0.4951.41 (93c720db8323..., userDataDir: /var/folders/mb/rx13lky17cv...}, goog:chromeOptions: {debuggerAddress: localhost:64516}, javascriptEnabled: true, networkConnectionEnabled: false, pageLoadStrategy: normal, platform: MAC, platformName: MAC, proxy: Proxy(), setWindowRect: true, strictFileInteractability: false, timeouts: {implicit: 0, pageLoad: 300000, script: 30000}, unhandledPromptBehavior: dismiss and notify, webauthn:extension:credBlob: true, webauthn:extension:largeBlob: true, webauthn:virtualAuthenticators: true}&#10;Session ID: 7f480ee4ff83b9502d782a4ec26f6cef" type="org.openqa.selenium.ElementNotInteractableException">org.openqa.selenium.ElementNotInteractableException: 
element not interactable
  (Session info: chrome=101.0.4951.64)
Build info: version: '3.141.59', revision: 'e82be7d358', time: '2018-11-14T08:17:03'
System info: host: 'Victors-MacBook-Pro.local', ip: '2806:267:1403:83e1:793f:f743:ba50:4bfc%en0', os.name: 'Mac OS X', os.arch: 'x86_64', os.version: '10.16', java.version: '1.8.0_202'
Driver info: org.openqa.selenium.chrome.ChromeDriver
Capabilities {acceptInsecureCerts: false, browserName: chrome, browserVersion: 101.0.4951.64, chrome: {chromedriverVersion: 101.0.4951.41 (93c720db8323..., userDataDir: /var/folders/mb/rx13lky17cv...}, goog:chromeOptions: {debuggerAddress: localhost:64516}, javascriptEnabled: true, networkConnectionEnabled: false, pageLoadStrategy: normal, platform: MAC, platformName: MAC, proxy: Proxy(), setWindowRect: true, strictFileInteractability: false, timeouts: {implicit: 0, pageLoad: 300000, script: 30000}, unhandledPromptBehavior: dismiss and notify, webauthn:extension:credBlob: true, webauthn:extension:largeBlob: true, webauthn:virtualAuthenticators: true}
Session ID: 7f480ee4ff83b9502d782a4ec26f6cef
	at DemoTest.verifyDescriptionFieldMaxLength(DemoTest.java:41)
</failure>
    <system-out><![CDATA[2022-05-24 12:21:54 FATAL Log:40 - Taking screenshot of the failure with status as 2
2022-05-24 12:21:54 INFO  Log:30 - Write Description in Field
]]></system-out>
  </testcase>
  <testcase name="checkElementInListAvailable" classname="DemoTest" time="5.454">
    <failure type="java.lang.NullPointerException">java.lang.NullPointerException
	at DemoTest.checkElementInListAvailable(DemoTest.java:49)
</failure>
    <system-out><![CDATA[2022-05-24 12:21:58 FATAL Log:40 - Taking screenshot of the failure with status as 2
2022-05-24 12:21:58 INFO  Log:30 - Validate if Creators: Matt Duffer, Ross Duffer is present on the page
2022-05-24 12:22:04 FATAL Log:40 - Element is not found during test execution.... org.openqa.selenium.TimeoutException: Expected condition failed: waiting for visibility of all elements located by By.xpath: //ul[@ui-sortable='strangerlist.sortableOptions']/li/div/div/div[2]/p (tried for 5 second(s) with 500 milliseconds interval)
Build info: version: '3.141.59', revision: 'e82be7d358', time: '2018-11-14T08:17:03'
System info: host: 'Victors-MacBook-Pro.local', ip: '2806:267:1403:83e1:793f:f743:ba50:4bfc%en0', os.name: 'Mac OS X', os.arch: 'x86_64', os.version: '10.16', java.version: '1.8.0_202'
Driver info: org.openqa.selenium.chrome.ChromeDriver
Capabilities {acceptInsecureCerts: false, browserName: chrome, browserVersion: 101.0.4951.64, chrome: {chromedriverVersion: 101.0.4951.41 (93c720db8323..., userDataDir: /var/folders/mb/rx13lky17cv...}, goog:chromeOptions: {debuggerAddress: localhost:64516}, javascriptEnabled: true, networkConnectionEnabled: false, pageLoadStrategy: normal, platform: MAC, platformName: MAC, proxy: Proxy(), setWindowRect: true, strictFileInteractability: false, timeouts: {implicit: 0, pageLoad: 300000, script: 30000}, unhandledPromptBehavior: dismiss and notify, webauthn:extension:credBlob: true, webauthn:extension:largeBlob: true, webauthn:virtualAuthenticators: true}
Session ID: 7f480ee4ff83b9502d782a4ec26f6cef
]]></system-out>
  </testcase>
</testsuite>