<?xml version="1.0" encoding="UTF-8"?>
<testsuite xmlns:xsi="http://www.w3.org/2001/XMLSchema-instance" xsi:noNamespaceSchemaLocation="https://maven.apache.org/surefire/maven-surefire-plugin/xsd/surefire-test-report.xsd" name="TestSuite" time="16.217" tests="4" errors="0" skipped="0" failures="1">
  <properties>
[...]
</properties>
  <testcase name="editAnItem" classname="DemoTest" time="0.612"/>
  <testcase name="deleteAnItem" classname="DemoTest" time="1.94">
    <failure message="element click intercepted: Element &lt;button type=&quot;button&quot; class=&quot;btn btn-default&quot; ng-click=&quot;strangerlist.open(item)&quot;&gt;...&lt;/button&gt; is not clickable at point (526, 17). Other element would receive the click: &lt;div class=&quot;navbar-header&quot;&gt;...&lt;/div&gt;&#10;  (Session info: chrome=102.0.5005.61)&#10;Build info: version: &apos;4.1.4&apos;, revision: &apos;535d840ee2&apos;&#10;System info: host: &apos;Victors-MacBook-Pro.local&apos;, ip: &apos;2806:267:1403:83e1:c11:80d9:e3d6:3c98%en0&apos;, os.name: &apos;Mac OS X&apos;, os.arch: &apos;x86_64&apos;, os.version: &apos;10.16&apos;, java.version: &apos;1.8.0_202&apos;&#10;Driver info: org.openqa.selenium.chrome.ChromeDriver&#10;Command: [ab59dcff05f1e23a9cdf5591ac7a47a0, clickElement {id=41a76c0c-92c0-4b0e-9a2b-f793256a1ec2}]&#10;Capabilities {acceptInsecureCerts: false, browserName: chrome, browserVersion: 102.0.5005.61, chrome: {chromedriverVersion: 101.0.4951.41 (93c720db8323..., userDataDir: /var/folders/mb/rx13lky17cv...}, goog:chromeOptions: {debuggerAddress: localhost:58374}, javascriptEnabled: true, networkConnectionEnabled: false, pageLoadStrategy: normal, platform: MAC, platformName: MAC, proxy: Proxy(), se:cdp: ws://localhost:58374/devtoo..., se:cdpVersion: 102.0.5005.61, setWindowRect: true, strictFileInteractability: false, timeouts: {implicit: 0, pageLoad: 300000, script: 30000}, unhandledPromptBehavior: dismiss and notify, webauthn:extension:credBlob: true, webauthn:extension:largeBlob: true, webauthn:virtualAuthenticators: true}&#10;Element: [[ChromeDriver: chrome on MAC (ab59dcff05f1e23a9cdf5591ac7a47a0)] -&gt; xpath: //li[2]/div/div/div[1]/button[contains(text(),&apos;Delete&apos;)]]&#10;Session ID: ab59dcff05f1e23a9cdf5591ac7a47a0" type="org.openqa.selenium.ElementClickInterceptedException"><![CDATA[org.openqa.selenium.ElementClickInterceptedException: 
element click intercepted: Element <button type="button" class="btn btn-default" ng-click="strangerlist.open(item)">...</button> is not clickable at point (526, 17). Other element would receive the click: <div class="navbar-header">...</div>
  (Session info: chrome=102.0.5005.61)
Build info: version: '4.1.4', revision: '535d840ee2'
System info: host: 'Victors-MacBook-Pro.local', ip: '2806:267:1403:83e1:c11:80d9:e3d6:3c98%en0', os.name: 'Mac OS X', os.arch: 'x86_64', os.version: '10.16', java.version: '1.8.0_202'
Driver info: org.openqa.selenium.chrome.ChromeDriver
Command: [ab59dcff05f1e23a9cdf5591ac7a47a0, clickElement {id=41a76c0c-92c0-4b0e-9a2b-f793256a1ec2}]
Capabilities {acceptInsecureCerts: false, browserName: chrome, browserVersion: 102.0.5005.61, chrome: {chromedriverVersion: 101.0.4951.41 (93c720db8323..., userDataDir: /var/folders/mb/rx13lky17cv...}, goog:chromeOptions: {debuggerAddress: localhost:58374}, javascriptEnabled: true, networkConnectionEnabled: false, pageLoadStrategy: normal, platform: MAC, platformName: MAC, proxy: Proxy(), se:cdp: ws://localhost:58374/devtoo..., se:cdpVersion: 102.0.5005.61, setWindowRect: true, strictFileInteractability: false, timeouts: {implicit: 0, pageLoad: 300000, script: 30000}, unhandledPromptBehavior: dismiss and notify, webauthn:extension:credBlob: true, webauthn:extension:largeBlob: true, webauthn:virtualAuthenticators: true}
Element: [[ChromeDriver: chrome on MAC (ab59dcff05f1e23a9cdf5591ac7a47a0)] -> xpath: //li[2]/div/div/div[1]/button[contains(text(),'Delete')]]
Session ID: ab59dcff05f1e23a9cdf5591ac7a47a0
	at DemoTest.deleteAnItem(DemoTest.java:36)
]]></failure>
    <system-out><![CDATA[2022-06-02 00:11:22 INFO  Log:30 - Executing TEST CASE 3
2022-06-02 00:11:23 INFO  Log:30 - Click on Delete Button
]]></system-out>
  </testcase>
  <testcase name="verifyDescriptionFieldMaxLength" classname="DemoTest" time="0.784"/>
  <testcase name="checkElementInListAvailable" classname="DemoTest" time="0.297"/>
</testsuite>